<?xml version="1.0" encoding="UTF-8"?>
<!-- Generated by org.testng.reporters.JUnitReportReporter -->
<testsuite hostname="DESKTOP-FIR25HG" failures="0" tests="1" name="testLayer.testCreateAcc" time="8.645" errors="0" timestamp="2023-02-14T00:59:50 GMT-05:00" skipped="0">
  <testcase classname="testLayer.testCreateAcc" name="validname" time="8.645"/>
  <system-out/>
</testsuite> <!-- testLayer.testCreateAcc -->
